<?xml version="1.0" encoding="UTF-8"?>
<!-- Generated by org.testng.reporters.JUnitReportReporter -->
<testsuite hostname="DESKTOP-PCSHU8L" failures="0" tests="1" name="seleniumBasics.TestNGAnnotations" time="0.035" errors="0" timestamp="2025-08-20T14:57:22 IST" skipped="0">
  <testcase classname="seleniumBasics.TestNGAnnotations" name="testCase" time="0.035"/>
</testsuite> <!-- seleniumBasics.TestNGAnnotations -->
