<?xml version="1.0" encoding="UTF-8"?>
<!-- Generated by org.testng.reporters.JUnitReportReporter -->
<testsuite hostname="DESKTOP-PCSHU8L" failures="0" tests="1" name="testScript.LoginTest" time="4.621" errors="0" timestamp="2025-08-25T14:33:01 IST" skipped="0">
  <testcase classname="testScript.LoginTest" name="verifyUserLoginWithInvalidUsernameAndInValidPassword" time="4.621"/>
</testsuite> <!-- testScript.LoginTest -->
